<?xml version="1.0" encoding="UTF-8"?>
<!-- Generated by org.testng.reporters.JUnitReportReporter -->
<testsuite skipped="0" hostname="N005171" name="Search_Pet_Owners_Test" tests="5" failures="0" timestamp="04 Aug 2019 23:25:37 GMT" time="234.200" errors="0">
  <testcase name="SearchOwnerTest" time="46.618" classname="Search_Pet_Owners_Test"/>
  <testcase name="SearchOwnerTest" time="72.192" classname="Search_Pet_Owners_Test"/>
  <testcase name="SearchOwnerTest" time="48.611" classname="Search_Pet_Owners_Test"/>
  <testcase name="SearchOwnerTest" time="42.662" classname="Search_Pet_Owners_Test"/>
  <testcase name="SearchOwnerTest" time="24.117" classname="Search_Pet_Owners_Test"/>
</testsuite> <!-- Search_Pet_Owners_Test -->
