<?xml version="1.0" encoding="UTF-8"?>
<!-- Generated by org.testng.reporters.JUnitReportReporter -->
<testsuite skipped="0" hostname="N005171" name="EditPetInfo_Test" tests="2" failures="0" timestamp="05 Aug 2019 00:11:49 GMT" time="123.059" errors="0">
  <testcase name="EditPetInfoTest" time="75.555" classname="EditPetInfo_Test"/>
  <testcase name="EditPetInfoTest" time="47.504" classname="EditPetInfo_Test"/>
</testsuite> <!-- EditPetInfo_Test -->
