<?xml version="1.0" encoding="UTF-8"?>
<!-- Generated by org.testng.reporters.JUnitReportReporter -->
<testsuite skipped="0" hostname="N005171" name="AddNewPet_Test" tests="2" failures="0" timestamp="05 Aug 2019 00:32:08 GMT" time="99.660" errors="0">
  <testcase name="AddnewPetTest" time="51.279" classname="AddNewPet_Test"/>
  <testcase name="AddnewPetTest" time="48.381" classname="AddNewPet_Test"/>
</testsuite> <!-- AddNewPet_Test -->
