<?xml version="1.0" encoding="UTF-8"?>
<!-- Generated by org.testng.reporters.JUnitReportReporter -->
<testsuite skipped="0" hostname="N005171" name="AddNewVisit_Test" tests="2" failures="0" timestamp="05 Aug 2019 00:32:08 GMT" time="129.367" errors="0">
  <testcase name="AddnewVisitTest" time="78.618" classname="AddNewVisit_Test"/>
  <testcase name="AddnewVisitTest" time="50.749" classname="AddNewVisit_Test"/>
</testsuite> <!-- AddNewVisit_Test -->
