<?xml version="1.0" encoding="UTF-8"?>
<!-- Generated by org.testng.reporters.JUnitReportReporter -->
<testsuite skipped="0" hostname="N005171" name="SearchandEditOwner_Test" tests="2" failures="0" timestamp="05 Aug 2019 00:32:08 GMT" time="98.988" errors="0">
  <testcase name="SearchandEditOwnerTest" time="36.832" classname="SearchandEditOwner_Test"/>
  <testcase name="SearchandEditOwnerTest" time="62.156" classname="SearchandEditOwner_Test"/>
</testsuite> <!-- SearchandEditOwner_Test -->
