<?xml version="1.0" encoding="UTF-8"?>
<!-- Generated by org.testng.reporters.JUnitReportReporter -->
<testsuite skipped="0" hostname="N005171" name="Add_PetOwner_Test" tests="2" failures="0" timestamp="05 Aug 2019 00:32:08 GMT" time="80.165" errors="0">
  <testcase name="AddnewPetOwnerTest" time="34.776" classname="Add_PetOwner_Test"/>
  <testcase name="AddnewPetOwnerTest" time="45.389" classname="Add_PetOwner_Test"/>
</testsuite> <!-- Add_PetOwner_Test -->
